<?xml version="1.0" encoding="UTF-8"?>
<!-- Generated by org.testng.reporters.JUnitReportReporter -->
<testsuite hostname="vinithkumar" failures="0" tests="2" name="com.vinith.svkTest" time="0.032" errors="0" timestamp="2022-10-10T21:22:43 IST" skipped="0">
  <testcase classname="com.vinith.svkTest" name="testlogin1" time="0.031"/>
  <system-out/>
  <testcase classname="com.vinith.svkTest" name="testlogin2" time="0.001"/>
  <system-out/>
</testsuite> <!-- com.vinith.svkTest -->
